     31 A:A H_qe/H_i cis-S/H
     27 G:U H_i/H_qe cis-S/H
     21 G:U H_qe/H_i cis-S/H
     11 A:A H_i/H_qe cis-S/H
     10 G:U H_ie/H_e cis-S/H
     10 G:G H_e/H_ie cis-S/H
      9 U:A H_qe/H_i cis-S/H
      6 G:U H_ie/H_ie cis-S/H
      5 U:A H_e/H_ie cis-S/H
      5 G:A H_ie/H_ie cis-S/H
      5 A:A H_i/H_i cis-S/H
      4 G:A H_e/H_ie cis-S/H
      4 C:A H_i/H_qe cis-S/H
      3 G:C H_i/H_qe cis-S/H
      2 G:U H_i/H_i cis-S/H
      2 C:C H_qe/H_i cis-S/H
      2 C:A H_ie/H_e cis-S/H
      2 C:A H_e/H_ie cis-S/H
      2 A:G H_i/H_qe cis-S/H
      2 A:A H_ie/H_e cis-S/H
      2 A:A H_e/H_ie cis-S/H
      1 U:G H_e/H_e cis-S/H
      1 U:A H_i/H cis-S/H
      1 U:A H_ie/H_ie cis-S/H
      1 G:U H_e/H_ie cis-S/H
      1 G:G H_i/H_qe cis-S/H
      1 G:A H_qe/H_i cis-S/H
      1 G:A H_i/H_qe cis-S/H
      1 G:A H_ie/H_e cis-S/H
      1 C:U H_i/H_i cis-S/H
      1 C:G H/H_i cis-S/H
      1 C:C H_i/H_qe cis-S/H
      1 C:C H_e/H_e cis-S/H
      1 A:G H_qe/H_i cis-S/H
