   1221 A:G H/H trans-H/S
    408 A:G H/H_qe trans-H/S
    357 A:G H_qe/H_qe trans-H/S
    276 A:G H_qe/H trans-H/S
    117 A:A H/H trans-H/S
    101 G:G H/H trans-H/S
     90 A:G H_i/H trans-H/S
     63 A:A H/H_qe trans-H/S
     57 C:U H/H trans-H/S
     45 C:C H/H trans-H/S
     45 A:C H/H trans-H/S
     43 A:U H/H trans-H/S
     39 A:G H_e/H_e trans-H/S
     34 C:A H/H trans-H/S
     28 U:G H_qe/H trans-H/S
     27 A:A H_qe/H_qe trans-H/S
     22 A:G H_i/H_qe trans-H/S
     18 A:G H_ie/H_e trans-H/S
     17 A:G H_i/H_i trans-H/S
     13 A:G H/H_i trans-H/S
     12 A:G H_ie/H_ie trans-H/S
     10 A:C H_qe/H trans-H/S
      7 G:G H/H_qe trans-H/S
      7 A:U H_qe/H trans-H/S
      7 A:C H_ie/H_ie trans-H/S
      6 A:G H_qe/H_i trans-H/S
      4 G:G H_qe/H_qe trans-H/S
      4 A:A H_qe/H trans-H/S
      3 G:G H_qe/H trans-H/S
      3 C:U H_qe/H_i trans-H/S
      3 A:U H_qe/H_qe trans-H/S
      2 C:U H/H_qe trans-H/S
      2 C:C H_qe/H_qe trans-H/S
      2 A:G H_e/H_ie trans-H/S
      1 U:N6G H_qe/H trans-H/S
      1 U:MTU H_ie/H_e trans-H/S
      1 U:A H_i/H_qe trans-H/S
      1 DU:G H_qe/H trans-H/S
      1 A:U H_e/H_ie trans-H/S
      1 A:C H_qe/H_qe trans-H/S
      1 A:C H_i/H_i trans-H/S
      1 A:A H_ie/H_ie trans-H/S
