     59 U:A H/H_i trans-W/S
     30 A:G H_i/H_qe trans-W/S
     19 C:U H/H trans-W/S
     15 C:A H/H trans-W/S
     11 A:A H/H trans-W/S
      9 A:U H_qe/H trans-W/S
      9 A:C H_qe/H trans-W/S
      7 C:C H/H trans-W/S
      6 G:A H_e/H_e trans-W/S
      5 A:G H_i/H trans-W/S
      4 C:C H_qe/H_qe trans-W/S
      3 C:G H_i/H_qe trans-W/S
      3 A:OMC H_qe/H trans-W/S
      3 A:A H_ie/H_ie trans-W/S
      2 A:G H_ie/H_ie trans-W/S
      1 U:U H_i/H trans-W/S
      1 U:G H_qe/H trans-W/S
      1 U:G H_i/H_i trans-W/S
      1 U:G H_ie/H_ie trans-W/S
      1 G:G H_qe/H trans-W/S
      1 G:A H_qe/H_qe trans-W/S
      1 C:G H/H_i trans-W/S
      1 A:G H_qe/H_i trans-W/S
      1 A:G H/H_i trans-W/S
      1 A:C H_i/H trans-W/S
