    484 A:U H/H_qe trans-H/W
    273 A:U H_qe/H_qe trans-H/W
    160 A:U H_i/H trans-H/W
    121 A:U H/H trans-H/W
    101 A:C H/H trans-H/W
     88 A:U H_qe/H trans-H/W
     72 A:U H/H_i trans-H/W
     63 A:U H_i/H_i trans-H/W
     57 A:A H/H trans-H/W
     52 A:C H_i/H trans-H/W
     47 A:U H_i/H_qe trans-H/W
     42 A:C H/H_qe trans-H/W
     40 A:A H_e/H_e trans-H/W
     39 A:C H_qe/H_i trans-H/W
     39 A:A H_qe/H trans-H/W
     27 A:U H_e/H_e trans-H/W
     26 G:G H/H_qe trans-H/W
     26 A:A H/H_qe trans-H/W
     17 U:G H_qe/H trans-H/W
     17 A:A H_i/H_i trans-H/W
     16 A:A H_qe/H_i trans-H/W
     11 A:U H_qe/H_i trans-H/W
     11 A:G H/H_qe trans-H/W
      9 A:U H_ie/H_e trans-H/W
      8 G:G H_i/H_qe trans-H/W
      8 A:G H_qe/H_qe trans-H/W
      7 A:A H_qe/H_qe trans-H/W
      6 A:C H_e/H_e trans-H/W
      6 A:A H_i/H trans-H/W
      6 A:A H_i/H_qe trans-H/W
      5 G:G H/H trans-H/W
      5 A:G H_ie/H_e trans-H/W
      5 A:C H_qe/H_qe trans-H/W
      5 A:C H_e/H_ie trans-H/W
      5 A:4SU H/H_i trans-H/W
      4 G:A H_qe/H trans-H/W
      3 U:U H_i/H trans-H/W
      3 G:G H_qe/H_qe trans-H/W
      2 A:U H_ie/H_ie trans-H/W
      2 A:U H_e/H_ie trans-H/W
      2 A:OMC H/H_i trans-H/W
      1 G:G H_i/H trans-H/W
      1 G:G H_e/H_e trans-H/W
      1 G:A H_qe/H_i trans-H/W
      1 C:A H_e/H_e trans-H/W
      1 A:G H_e/H_e trans-H/W
      1 A:A H_e/H_ie trans-H/W
